<?xml version="1.0" encoding="UTF-8"?>
<testng-results ignored="0" total="4" passed="3" failed="1" skipped="0">
  <reporter-output>
  </reporter-output>
  <suite started-at="2024-10-15T23:47:07 IST" name="Suite" finished-at="2024-10-15T23:47:41 IST" duration-ms="34155">
    <groups>
      <group name="Purchase">
        <method signature="Ecommerce.submitOrder(java.util.HashMap)[pri:0, instance:ecommerce.tests.Ecommerce@4dc27487]" name="submitOrder" class="ecommerce.tests.Ecommerce"/>
      </group> <!-- Purchase -->
      <group name="ErrorHandling">
        <method signature="ErrorValidation.loginpgErrorValidation()[pri:0, instance:ecommerce.tests.ErrorValidation@4082ba93]" name="loginpgErrorValidation" class="ecommerce.tests.ErrorValidation"/>
        <method signature="ErrorValidation.submitOrderErrorValidation()[pri:0, instance:ecommerce.tests.ErrorValidation@4082ba93]" name="submitOrderErrorValidation" class="ecommerce.tests.ErrorValidation"/>
      </group> <!-- ErrorHandling -->
    </groups>
    <test started-at="2024-10-15T23:47:07 IST" name="Errorvalidatation Test" finished-at="2024-10-15T23:47:34 IST" duration-ms="27488">
      <class name="ecommerce.tests.ErrorValidation">
        <test-method is-config="true" signature="launchApplication()[pri:0, instance:ecommerce.tests.ErrorValidation@4082ba93]" started-at="2024-10-15T23:47:07 IST" name="launchApplication" finished-at="2024-10-15T23:47:18 IST" duration-ms="10973" status="PASS">
          <reporter-output>
          </reporter-output>
        </test-method> <!-- launchApplication -->
        <test-method signature="loginpgErrorValidation()[pri:0, instance:ecommerce.tests.ErrorValidation@4082ba93]" started-at="2024-10-15T23:47:18 IST" name="loginpgErrorValidation" finished-at="2024-10-15T23:47:19 IST" duration-ms="1687" status="FAIL">
          <exception class="java.lang.AssertionError">
            <message>
              <![CDATA[expected [Incorrectemail or password.] but found [Incorrect email or password.]]]>
            </message>
            <full-stacktrace>
              <![CDATA[java.lang.AssertionError: expected [Incorrectemail or password.] but found [Incorrect email or password.]
at org.testng.Assert.fail(Assert.java:111)
at org.testng.Assert.failNotEquals(Assert.java:1578)
at org.testng.Assert.assertEqualsImpl(Assert.java:150)
at org.testng.Assert.assertEquals(Assert.java:132)
at org.testng.Assert.assertEquals(Assert.java:656)
at org.testng.Assert.assertEquals(Assert.java:666)
at ecommerce.tests.ErrorValidation.loginpgErrorValidation(ErrorValidation.java:22)
at java.base/jdk.internal.reflect.DirectMethodHandleAccessor.invoke(DirectMethodHandleAccessor.java:103)
at java.base/java.lang.reflect.Method.invoke(Method.java:580)
at org.testng.internal.invokers.MethodInvocationHelper.invokeMethod(MethodInvocationHelper.java:141)
at org.testng.internal.invokers.TestInvoker.invokeMethod(TestInvoker.java:686)
at org.testng.internal.invokers.TestInvoker.invokeTestMethod(TestInvoker.java:230)
at org.testng.internal.invokers.MethodRunner.runInSequence(MethodRunner.java:63)
at org.testng.internal.invokers.TestInvoker$MethodInvocationAgent.invoke(TestInvoker.java:992)
at org.testng.internal.invokers.TestInvoker.invokeTestMethods(TestInvoker.java:203)
at org.testng.internal.invokers.TestMethodWorker.invokeTestMethods(TestMethodWorker.java:154)
at org.testng.internal.invokers.TestMethodWorker.run(TestMethodWorker.java:134)
at java.base/java.util.ArrayList.forEach(ArrayList.java:1596)
at org.testng.TestRunner.privateRun(TestRunner.java:739)
at org.testng.TestRunner.run(TestRunner.java:614)
at org.testng.SuiteRunner.runTest(SuiteRunner.java:421)
at org.testng.SuiteRunner$SuiteWorker.run(SuiteRunner.java:463)
at org.testng.internal.thread.ThreadUtil.lambda$execute$0(ThreadUtil.java:64)
at java.base/java.util.concurrent.FutureTask.run(FutureTask.java:317)
at java.base/java.util.concurrent.ThreadPoolExecutor.runWorker(ThreadPoolExecutor.java:1144)
at java.base/java.util.concurrent.ThreadPoolExecutor$Worker.run(ThreadPoolExecutor.java:642)
at java.base/java.lang.Thread.run(Thread.java:1583)
]]>
            </full-stacktrace>
          </exception> <!-- java.lang.AssertionError -->
          <reporter-output>
          </reporter-output>
        </test-method> <!-- loginpgErrorValidation -->
        <test-method is-config="true" signature="tearDown()[pri:0, instance:ecommerce.tests.ErrorValidation@4082ba93]" started-at="2024-10-15T23:47:20 IST" name="tearDown" finished-at="2024-10-15T23:47:20 IST" duration-ms="275" status="PASS">
          <reporter-output>
          </reporter-output>
        </test-method> <!-- tearDown -->
        <test-method is-config="true" signature="launchApplication()[pri:0, instance:ecommerce.tests.ErrorValidation@4082ba93]" started-at="2024-10-15T23:47:20 IST" name="launchApplication" finished-at="2024-10-15T23:47:26 IST" duration-ms="5279" status="PASS">
          <reporter-output>
          </reporter-output>
        </test-method> <!-- launchApplication -->
        <test-method signature="submitOrderErrorValidation()[pri:0, instance:ecommerce.tests.ErrorValidation@4082ba93]" started-at="2024-10-15T23:47:26 IST" name="submitOrderErrorValidation" finished-at="2024-10-15T23:47:33 IST" duration-ms="7838" status="PASS">
          <reporter-output>
          </reporter-output>
        </test-method> <!-- submitOrderErrorValidation -->
        <test-method is-config="true" signature="tearDown()[pri:0, instance:ecommerce.tests.ErrorValidation@4082ba93]" started-at="2024-10-15T23:47:33 IST" name="tearDown" finished-at="2024-10-15T23:47:34 IST" duration-ms="586" status="PASS">
          <reporter-output>
          </reporter-output>
        </test-method> <!-- tearDown -->
      </class> <!-- ecommerce.tests.ErrorValidation -->
    </test> <!-- Errorvalidatation Test -->
    <test started-at="2024-10-15T23:47:07 IST" name="Product Order Test" finished-at="2024-10-15T23:47:41 IST" duration-ms="34154">
      <class name="ecommerce.tests.Ecommerce">
        <test-method is-config="true" signature="launchApplication()[pri:0, instance:ecommerce.tests.Ecommerce@4dc27487]" started-at="2024-10-15T23:47:07 IST" name="launchApplication" finished-at="2024-10-15T23:47:18 IST" duration-ms="10622" status="PASS">
          <reporter-output>
          </reporter-output>
        </test-method> <!-- launchApplication -->
        <test-method signature="submitOrder(java.util.HashMap)[pri:0, instance:ecommerce.tests.Ecommerce@4dc27487]" started-at="2024-10-15T23:47:18 IST" name="submitOrder" data-provider="getData" finished-at="2024-10-15T23:47:27 IST" duration-ms="9794" status="PASS">
          <params>
            <param index="0">
              <value>
                <![CDATA[{pass=Rohit@123, product=ZARA COAT 3, email=rht@gmail.com}]]>
              </value>
            </param>
          </params>
          <reporter-output>
          </reporter-output>
        </test-method> <!-- submitOrder -->
        <test-method is-config="true" signature="tearDown()[pri:0, instance:ecommerce.tests.Ecommerce@4dc27487]" started-at="2024-10-15T23:47:27 IST" name="tearDown" finished-at="2024-10-15T23:47:28 IST" duration-ms="168" status="PASS">
          <reporter-output>
          </reporter-output>
        </test-method> <!-- tearDown -->
        <test-method is-config="true" signature="launchApplication()[pri:0, instance:ecommerce.tests.Ecommerce@4dc27487]" started-at="2024-10-15T23:47:28 IST" name="launchApplication" finished-at="2024-10-15T23:47:31 IST" duration-ms="3592" status="PASS">
          <reporter-output>
          </reporter-output>
        </test-method> <!-- launchApplication -->
        <test-method signature="submitOrder(java.util.HashMap)[pri:0, instance:ecommerce.tests.Ecommerce@4dc27487]" started-at="2024-10-15T23:47:31 IST" name="submitOrder" data-provider="getData" finished-at="2024-10-15T23:47:40 IST" duration-ms="8937" status="PASS">
          <params>
            <param index="0">
              <value>
                <![CDATA[{pass=Rohit@123, product=IPHONE 13 PRO, email=rht@gmail.com}]]>
              </value>
            </param>
          </params>
          <reporter-output>
          </reporter-output>
        </test-method> <!-- submitOrder -->
        <test-method is-config="true" signature="tearDown()[pri:0, instance:ecommerce.tests.Ecommerce@4dc27487]" started-at="2024-10-15T23:47:40 IST" name="tearDown" finished-at="2024-10-15T23:47:41 IST" duration-ms="500" status="PASS">
          <reporter-output>
          </reporter-output>
        </test-method> <!-- tearDown -->
      </class> <!-- ecommerce.tests.Ecommerce -->
    </test> <!-- Product Order Test -->
  </suite> <!-- Suite -->
</testng-results>
