<?xml version="1.0" encoding="UTF-8"?>
<testng-results ignored="0" total="4" passed="2" failed="2" skipped="0">
  <reporter-output>
  </reporter-output>
  <suite started-at="2024-10-12T20:04:05 IST" name="Suite" finished-at="2024-10-12T20:04:58 IST" duration-ms="52485">
    <groups>
      <group name="Purchase">
        <method signature="Ecommerce.submitOrder(java.util.HashMap)[pri:0, instance:ecommerce.tests.Ecommerce@6ed3f258]" name="submitOrder" class="ecommerce.tests.Ecommerce"/>
      </group> <!-- Purchase -->
      <group name="ErrorHandling">
        <method signature="ErrorValidation.loginpgErrorValidation()[pri:0, instance:ecommerce.tests.ErrorValidation@35432107]" name="loginpgErrorValidation" class="ecommerce.tests.ErrorValidation"/>
        <method signature="ErrorValidation.submitOrderErrorValidation()[pri:0, instance:ecommerce.tests.ErrorValidation@35432107]" name="submitOrderErrorValidation" class="ecommerce.tests.ErrorValidation"/>
      </group> <!-- ErrorHandling -->
    </groups>
    <test started-at="2024-10-12T20:04:05 IST" name="Errorvalidatation Test" finished-at="2024-10-12T20:04:55 IST" duration-ms="50320">
      <class name="ecommerce.tests.ErrorValidation">
        <test-method is-config="true" signature="launchApplication()[pri:0, instance:ecommerce.tests.ErrorValidation@35432107]" started-at="2024-10-12T20:04:05 IST" name="launchApplication" finished-at="2024-10-12T20:04:21 IST" duration-ms="15730" status="PASS">
          <reporter-output>
          </reporter-output>
        </test-method> <!-- launchApplication -->
        <test-method signature="loginpgErrorValidation()[pri:0, instance:ecommerce.tests.ErrorValidation@35432107]" started-at="2024-10-12T20:04:21 IST" name="loginpgErrorValidation" finished-at="2024-10-12T20:04:23 IST" duration-ms="1988" status="FAIL">
          <exception class="java.lang.AssertionError">
            <message>
              <![CDATA[expected [Incorrectemail or password.] but found [Incorrect email or password.]]]>
            </message>
            <full-stacktrace>
              <![CDATA[java.lang.AssertionError: expected [Incorrectemail or password.] but found [Incorrect email or password.]
at org.testng.Assert.fail(Assert.java:99)
at org.testng.Assert.failNotEquals(Assert.java:1037)
at org.testng.Assert.assertEqualsImpl(Assert.java:140)
at org.testng.Assert.assertEquals(Assert.java:122)
at org.testng.Assert.assertEquals(Assert.java:629)
at org.testng.Assert.assertEquals(Assert.java:639)
at ecommerce.tests.ErrorValidation.loginpgErrorValidation(ErrorValidation.java:22)
at java.base/jdk.internal.reflect.DirectMethodHandleAccessor.invoke(DirectMethodHandleAccessor.java:103)
at java.base/java.lang.reflect.Method.invoke(Method.java:580)
at org.testng.internal.MethodInvocationHelper.invokeMethod(MethodInvocationHelper.java:133)
at org.testng.internal.TestInvoker.invokeMethod(TestInvoker.java:598)
at org.testng.internal.TestInvoker.invokeTestMethod(TestInvoker.java:173)
at org.testng.internal.MethodRunner.runInSequence(MethodRunner.java:46)
at org.testng.internal.TestInvoker$MethodInvocationAgent.invoke(TestInvoker.java:824)
at org.testng.internal.TestInvoker.invokeTestMethods(TestInvoker.java:146)
at org.testng.internal.TestMethodWorker.invokeTestMethods(TestMethodWorker.java:146)
at org.testng.internal.TestMethodWorker.run(TestMethodWorker.java:128)
at java.base/java.util.ArrayList.forEach(ArrayList.java:1596)
at org.testng.TestRunner.privateRun(TestRunner.java:794)
at org.testng.TestRunner.run(TestRunner.java:596)
at org.testng.SuiteRunner.runTest(SuiteRunner.java:377)
at org.testng.SuiteRunner.access$000(SuiteRunner.java:28)
at org.testng.SuiteRunner$SuiteWorker.run(SuiteRunner.java:418)
at org.testng.internal.thread.ThreadUtil.lambda$execute$0(ThreadUtil.java:64)
at java.base/java.util.concurrent.FutureTask.run(FutureTask.java:317)
at java.base/java.util.concurrent.ThreadPoolExecutor.runWorker(ThreadPoolExecutor.java:1144)
at java.base/java.util.concurrent.ThreadPoolExecutor$Worker.run(ThreadPoolExecutor.java:642)
at java.base/java.lang.Thread.run(Thread.java:1583)
]]>
            </full-stacktrace>
          </exception> <!-- java.lang.AssertionError -->
          <reporter-output>
          </reporter-output>
        </test-method> <!-- loginpgErrorValidation -->
        <test-method is-config="true" signature="tearDown()[pri:0, instance:ecommerce.tests.ErrorValidation@35432107]" started-at="2024-10-12T20:04:24 IST" name="tearDown" finished-at="2024-10-12T20:04:25 IST" duration-ms="296" status="PASS">
          <reporter-output>
          </reporter-output>
        </test-method> <!-- tearDown -->
        <test-method is-config="true" signature="launchApplication()[pri:0, instance:ecommerce.tests.ErrorValidation@35432107]" started-at="2024-10-12T20:04:25 IST" name="launchApplication" finished-at="2024-10-12T20:04:42 IST" duration-ms="17758" status="PASS">
          <reporter-output>
          </reporter-output>
        </test-method> <!-- launchApplication -->
        <test-method signature="submitOrderErrorValidation()[pri:0, instance:ecommerce.tests.ErrorValidation@35432107]" started-at="2024-10-12T20:04:42 IST" name="submitOrderErrorValidation" finished-at="2024-10-12T20:04:55 IST" duration-ms="12928" status="PASS">
          <reporter-output>
          </reporter-output>
        </test-method> <!-- submitOrderErrorValidation -->
        <test-method is-config="true" signature="tearDown()[pri:0, instance:ecommerce.tests.ErrorValidation@35432107]" started-at="2024-10-12T20:04:55 IST" name="tearDown" finished-at="2024-10-12T20:04:55 IST" duration-ms="154" status="PASS">
          <reporter-output>
          </reporter-output>
        </test-method> <!-- tearDown -->
      </class> <!-- ecommerce.tests.ErrorValidation -->
    </test> <!-- Errorvalidatation Test -->
    <test started-at="2024-10-12T20:04:05 IST" name="Product Order Test" finished-at="2024-10-12T20:04:58 IST" duration-ms="52485">
      <class name="ecommerce.tests.Ecommerce">
        <test-method is-config="true" signature="launchApplication()[pri:0, instance:ecommerce.tests.Ecommerce@6ed3f258]" started-at="2024-10-12T20:04:06 IST" name="launchApplication" finished-at="2024-10-12T20:04:17 IST" duration-ms="11794" status="PASS">
          <reporter-output>
          </reporter-output>
        </test-method> <!-- launchApplication -->
        <test-method signature="submitOrder(java.util.HashMap)[pri:0, instance:ecommerce.tests.Ecommerce@6ed3f258]" started-at="2024-10-12T20:04:17 IST" name="submitOrder" data-provider="getData" finished-at="2024-10-12T20:04:30 IST" duration-ms="12419" status="PASS">
          <params>
            <param index="0">
              <value>
                <![CDATA[{pass=Rohit@123, product=ZARA COAT 3, email=rht@gmail.com}]]>
              </value>
            </param>
          </params>
          <reporter-output>
          </reporter-output>
        </test-method> <!-- submitOrder -->
        <test-method is-config="true" signature="tearDown()[pri:0, instance:ecommerce.tests.Ecommerce@6ed3f258]" started-at="2024-10-12T20:04:30 IST" name="tearDown" finished-at="2024-10-12T20:04:30 IST" duration-ms="176" status="PASS">
          <reporter-output>
          </reporter-output>
        </test-method> <!-- tearDown -->
        <test-method is-config="true" signature="launchApplication()[pri:0, instance:ecommerce.tests.Ecommerce@6ed3f258]" started-at="2024-10-12T20:04:30 IST" name="launchApplication" finished-at="2024-10-12T20:04:45 IST" duration-ms="14976" status="PASS">
          <reporter-output>
          </reporter-output>
        </test-method> <!-- launchApplication -->
        <test-method signature="submitOrder(java.util.HashMap)[pri:0, instance:ecommerce.tests.Ecommerce@6ed3f258]" started-at="2024-10-12T20:04:45 IST" name="submitOrder" data-provider="getData" finished-at="2024-10-12T20:04:57 IST" duration-ms="11987" status="FAIL">
          <params>
            <param index="0">
              <value>
                <![CDATA[{pass=Rohit@123, product=IPHONE 13 PRO, email=rht@gmail.com}]]>
              </value>
            </param>
          </params>
          <exception class="org.openqa.selenium.ElementClickInterceptedException">
            <message>
              <![CDATA[element click intercepted: Element <i _ngcontent-rjl-c33="" class="fa fa-shopping-cart"></i> is not clickable at point (1085, 27). Other element would receive the click: <div _ngcontent-rjl-c31="" class="ngx-spinner-overlay ng-tns-c31-1 ng-trigger ng-trigger-fadeIn ng-star-inserted" style="background-color: rgba(51, 51, 51, 0.8); z-index: 99999; position: fixed; opacity: 1;">...</div>
  (Session info: chrome=129.0.6668.90)
Build info: version: '4.25.0', revision: '8a8aea2337'
System info: os.name: 'Windows 10', os.arch: 'amd64', os.version: '10.0', java.version: '21.0.4'
Driver info: org.openqa.selenium.chrome.ChromeDriver
Command: [831bc08fc69c22c98098d962ba0e8532, clickElement {id=f.45BC5B1E00B16325F3E17208FAFFA0A8.d.7B01DDAC823C0EEDF11779E39092FF5C.e.88}]
Capabilities {acceptInsecureCerts: false, browserName: chrome, browserVersion: 129.0.6668.90, chrome: {chromedriverVersion: 129.0.6668.100 (cf58cba358d..., userDataDir: C:\Users\Admin\AppData\Loca...}, fedcm:accounts: true, goog:chromeOptions: {debuggerAddress: localhost:50282}, networkConnectionEnabled: false, pageLoadStrategy: normal, platformName: windows, proxy: Proxy(), se:cdp: ws://localhost:50282/devtoo..., se:cdpVersion: 129.0.6668.90, setWindowRect: true, strictFileInteractability: false, timeouts: {implicit: 0, pageLoad: 300000, script: 30000}, unhandledPromptBehavior: dismiss and notify, webauthn:extension:credBlob: true, webauthn:extension:largeBlob: true, webauthn:extension:minPinLength: true, webauthn:extension:prf: true, webauthn:virtualAuthenticators: true}
Element: [[ChromeDriver: chrome on windows (831bc08fc69c22c98098d962ba0e8532)] -> css selector: button[routerlink*='cart'] i.fa]
Session ID: 831bc08fc69c22c98098d962ba0e8532]]>
            </message>
            <full-stacktrace>
              <![CDATA[org.openqa.selenium.ElementClickInterceptedException: element click intercepted: Element <i _ngcontent-rjl-c33="" class="fa fa-shopping-cart"></i> is not clickable at point (1085, 27). Other element would receive the click: <div _ngcontent-rjl-c31="" class="ngx-spinner-overlay ng-tns-c31-1 ng-trigger ng-trigger-fadeIn ng-star-inserted" style="background-color: rgba(51, 51, 51, 0.8); z-index: 99999; position: fixed; opacity: 1;">...</div>
  (Session info: chrome=129.0.6668.90)
Build info: version: '4.25.0', revision: '8a8aea2337'
System info: os.name: 'Windows 10', os.arch: 'amd64', os.version: '10.0', java.version: '21.0.4'
Driver info: org.openqa.selenium.chrome.ChromeDriver
Command: [831bc08fc69c22c98098d962ba0e8532, clickElement {id=f.45BC5B1E00B16325F3E17208FAFFA0A8.d.7B01DDAC823C0EEDF11779E39092FF5C.e.88}]
Capabilities {acceptInsecureCerts: false, browserName: chrome, browserVersion: 129.0.6668.90, chrome: {chromedriverVersion: 129.0.6668.100 (cf58cba358d..., userDataDir: C:\Users\Admin\AppData\Loca...}, fedcm:accounts: true, goog:chromeOptions: {debuggerAddress: localhost:50282}, networkConnectionEnabled: false, pageLoadStrategy: normal, platformName: windows, proxy: Proxy(), se:cdp: ws://localhost:50282/devtoo..., se:cdpVersion: 129.0.6668.90, setWindowRect: true, strictFileInteractability: false, timeouts: {implicit: 0, pageLoad: 300000, script: 30000}, unhandledPromptBehavior: dismiss and notify, webauthn:extension:credBlob: true, webauthn:extension:largeBlob: true, webauthn:extension:minPinLength: true, webauthn:extension:prf: true, webauthn:virtualAuthenticators: true}
Element: [[ChromeDriver: chrome on windows (831bc08fc69c22c98098d962ba0e8532)] -> css selector: button[routerlink*='cart'] i.fa]
Session ID: 831bc08fc69c22c98098d962ba0e8532
at java.base/jdk.internal.reflect.DirectConstructorHandleAccessor.newInstance(DirectConstructorHandleAccessor.java:62)
at java.base/java.lang.reflect.Constructor.newInstanceWithCaller(Constructor.java:502)
at java.base/java.lang.reflect.Constructor.newInstance(Constructor.java:486)
at org.openqa.selenium.remote.ErrorCodec.decode(ErrorCodec.java:167)
at org.openqa.selenium.remote.codec.w3c.W3CHttpResponseCodec.decode(W3CHttpResponseCodec.java:138)
at org.openqa.selenium.remote.codec.w3c.W3CHttpResponseCodec.decode(W3CHttpResponseCodec.java:50)
at org.openqa.selenium.remote.HttpCommandExecutor.execute(HttpCommandExecutor.java:190)
at org.openqa.selenium.remote.service.DriverCommandExecutor.invokeExecute(DriverCommandExecutor.java:216)
at org.openqa.selenium.remote.service.DriverCommandExecutor.execute(DriverCommandExecutor.java:174)
at org.openqa.selenium.remote.RemoteWebDriver.execute(RemoteWebDriver.java:545)
at org.openqa.selenium.remote.RemoteWebElement.execute(RemoteWebElement.java:223)
at org.openqa.selenium.remote.RemoteWebElement.click(RemoteWebElement.java:76)
at java.base/jdk.internal.reflect.DirectMethodHandleAccessor.invoke(DirectMethodHandleAccessor.java:103)
at java.base/java.lang.reflect.Method.invoke(Method.java:580)
at org.openqa.selenium.support.pagefactory.internal.LocatingElementHandler.invoke(LocatingElementHandler.java:51)
at jdk.proxy2/jdk.proxy2.$Proxy17.click(Unknown Source)
at Ecommerce.AbstractComponents.AbstractComponent.goToCartPage(AbstractComponent.java:48)
at ecommerce.tests.Ecommerce.submitOrder(Ecommerce.java:34)
at java.base/jdk.internal.reflect.DirectMethodHandleAccessor.invoke(DirectMethodHandleAccessor.java:103)
at java.base/java.lang.reflect.Method.invoke(Method.java:580)
at org.testng.internal.MethodInvocationHelper.invokeMethod(MethodInvocationHelper.java:133)
at org.testng.internal.TestInvoker.invokeMethod(TestInvoker.java:598)
at org.testng.internal.TestInvoker.invokeTestMethod(TestInvoker.java:173)
at org.testng.internal.MethodRunner.runInSequence(MethodRunner.java:46)
at org.testng.internal.TestInvoker$MethodInvocationAgent.invoke(TestInvoker.java:824)
at org.testng.internal.TestInvoker.invokeTestMethods(TestInvoker.java:146)
at org.testng.internal.TestMethodWorker.invokeTestMethods(TestMethodWorker.java:146)
at org.testng.internal.TestMethodWorker.run(TestMethodWorker.java:128)
at java.base/java.util.ArrayList.forEach(ArrayList.java:1596)
at org.testng.TestRunner.privateRun(TestRunner.java:794)
at org.testng.TestRunner.run(TestRunner.java:596)
at org.testng.SuiteRunner.runTest(SuiteRunner.java:377)
at org.testng.SuiteRunner.access$000(SuiteRunner.java:28)
at org.testng.SuiteRunner$SuiteWorker.run(SuiteRunner.java:418)
at org.testng.internal.thread.ThreadUtil.lambda$execute$0(ThreadUtil.java:64)
at java.base/java.util.concurrent.FutureTask.run(FutureTask.java:317)
at java.base/java.util.concurrent.ThreadPoolExecutor.runWorker(ThreadPoolExecutor.java:1144)
at java.base/java.util.concurrent.ThreadPoolExecutor$Worker.run(ThreadPoolExecutor.java:642)
at java.base/java.lang.Thread.run(Thread.java:1583)
]]>
            </full-stacktrace>
          </exception> <!-- org.openqa.selenium.ElementClickInterceptedException -->
          <reporter-output>
          </reporter-output>
        </test-method> <!-- submitOrder -->
        <test-method is-config="true" signature="tearDown()[pri:0, instance:ecommerce.tests.Ecommerce@6ed3f258]" started-at="2024-10-12T20:04:57 IST" name="tearDown" finished-at="2024-10-12T20:04:58 IST" duration-ms="279" status="PASS">
          <reporter-output>
          </reporter-output>
        </test-method> <!-- tearDown -->
      </class> <!-- ecommerce.tests.Ecommerce -->
    </test> <!-- Product Order Test -->
  </suite> <!-- Suite -->
</testng-results>
